<?xml version="1.0" encoding="UTF-8"?>
<!-- Generated by org.testng.reporters.JUnitXMLReporter -->
<testsuite hostname="Sabari" ignored="0" name="Performance API Test" tests="1" failures="1" timestamp="24 Apr 2021 03:39:29 GMT" time="6.417" errors="0">
  <testcase name="getTemplateByID" time="5.992" classname="qa.api.engagedly.tests.performance.GetTemplate">
    <failure type="java.lang.AssertionError" message="expected [200] but found [422]">
      <![CDATA[java.lang.AssertionError: expected [200] but found [422]
at qa.api.engagedly.tests.performance.GetTemplate.getTemplateByID(GetTemplate.java:57)
at java.util.concurrent.ThreadPoolExecutor.runWorker(ThreadPoolExecutor.java:1149)
at java.util.concurrent.ThreadPoolExecutor$Worker.run(ThreadPoolExecutor.java:624)
at java.lang.Thread.run(Thread.java:748)
... Removed 16 stack frames]]>
    </failure>
  </testcase> <!-- getTemplateByID -->
</testsuite> <!-- Performance API Test -->
