<?xml version="1.0" encoding="UTF-8"?>
<!-- Generated by org.testng.reporters.JUnitXMLReporter -->
<testsuite hostname="Sabari" ignored="0" name="Rest API regression Test" tests="5" failures="0" timestamp="22 Apr 2021 03:16:21 GMT" time="14.447" errors="0">
  <testcase name="getAccountBlockStatusTest" time="1.766" classname="qa.api.engagedly.tests.GetIngurAPITest"/>
  <testcase name="getAllUsersTest" time="9.118" classname="qa.api.engagedly.tests.GetUserTest"/>
  <testcase name="getAccountImagesTest" time="1.189" classname="qa.api.engagedly.tests.GetIngurAPITest"/>
  <testcase name="getUserWithParam" time="2.862" classname="qa.api.engagedly.tests.GetUserTest"/>
  <testcase name="uploadImageTest" time="2.291" classname="qa.api.engagedly.tests.GetIngurAPITest"/>
</testsuite> <!-- Rest API regression Test -->
