<?xml version="1.0" encoding="UTF-8"?>
<!-- Generated by org.testng.reporters.JUnitXMLReporter -->
<testsuite hostname="Sabari" ignored="0" name="Rest API regression Test" tests="5" failures="0" timestamp="22 Apr 2021 04:33:58 GMT" time="15.757" errors="0">
  <testcase name="getAllUsersTest" time="7.431" classname="qa.api.engagedly.tests.GetUserTest"/>
  <testcase name="getAccountBlockStatusTest" time="1.55" classname="qa.api.engagedly.tests.GetIngurAPITest"/>
  <testcase name="getUserWithParam" time="2.726" classname="qa.api.engagedly.tests.GetUserTest"/>
  <testcase name="getAccountImagesTest" time="1.398" classname="qa.api.engagedly.tests.GetIngurAPITest"/>
  <testcase name="uploadImageTest" time="3.435" classname="qa.api.engagedly.tests.GetIngurAPITest"/>
</testsuite> <!-- Rest API regression Test -->
