<?xml version="1.0" encoding="UTF-8"?>
<testng-results skipped="0" failed="0" ignored="0" total="1" passed="1">
  <reporter-output>
  </reporter-output>
  <suite name="Engagedly API" duration-ms="5679" started-at="2021-04-23T02:48:45Z" finished-at="2021-04-23T02:48:51Z">
    <groups>
    </groups>
    <test name="Performance API Test" duration-ms="5679" started-at="2021-04-23T02:48:45Z" finished-at="2021-04-23T02:48:51Z">
      <class name="qa.api.engagedly.tests.performance.GetTemplate">
        <test-method status="PASS" signature="setUp()[pri:0, instance:qa.api.engagedly.tests.performance.GetTemplate@44828f6b]" name="setUp" is-config="true" duration-ms="33" started-at="2021-04-23T02:48:45Z" finished-at="2021-04-23T02:48:45Z">
          <reporter-output>
          </reporter-output>
        </test-method> <!-- setUp -->
        <test-method status="PASS" signature="getTemplateByID()[pri:0, instance:qa.api.engagedly.tests.performance.GetTemplate@44828f6b]" name="getTemplateByID" duration-ms="5347" started-at="2021-04-23T02:48:46Z" finished-at="2021-04-23T02:48:51Z">
          <reporter-output>
          </reporter-output>
        </test-method> <!-- getTemplateByID -->
      </class> <!-- qa.api.engagedly.tests.performance.GetTemplate -->
    </test> <!-- Performance API Test -->
  </suite> <!-- Engagedly API -->
</testng-results>
